<?xml version="1.0" encoding="UTF-8"?>
<testng-results skipped="0" failed="0" ignored="0" total="1" passed="1">
  <reporter-output>
  </reporter-output>
  <suite name="Default suite" duration-ms="64446" started-at="2021-02-04T07:29:11Z" finished-at="2021-02-04T07:30:16Z">
    <groups>
      <group name="regressionTest">
        <method signature="TestCase12.invoice_1()[pri:0, instance:com.crm.autodesk.AssignmentTestCase.TestCase12@32709393]" name="invoice_1" class="com.crm.autodesk.AssignmentTestCase.TestCase12"/>
      </group> <!-- regressionTest -->
    </groups>
    <test name="Default test" duration-ms="64446" started-at="2021-02-04T07:29:11Z" finished-at="2021-02-04T07:30:16Z">
      <class name="com.crm.autodesk.AssignmentTestCase.TestCase12">
        <test-method status="PASS" signature="configBS()[pri:0, instance:com.crm.autodesk.AssignmentTestCase.TestCase12@32709393]" name="configBS" is-config="true" duration-ms="10" started-at="2021-02-04T07:29:11Z" finished-at="2021-02-04T07:29:11Z">
          <reporter-output>
          </reporter-output>
        </test-method> <!-- configBS -->
        <test-method status="PASS" signature="configBC()[pri:0, instance:com.crm.autodesk.AssignmentTestCase.TestCase12@32709393]" name="configBC" is-config="true" duration-ms="10314" started-at="2021-02-04T07:29:11Z" finished-at="2021-02-04T07:29:22Z">
          <reporter-output>
          </reporter-output>
        </test-method> <!-- configBC -->
        <test-method status="PASS" signature="configBM()[pri:0, instance:com.crm.autodesk.AssignmentTestCase.TestCase12@32709393]" name="configBM" is-config="true" duration-ms="6768" started-at="2021-02-04T07:29:22Z" finished-at="2021-02-04T07:29:28Z">
          <reporter-output>
          </reporter-output>
        </test-method> <!-- configBM -->
        <test-method status="PASS" signature="invoice_1()[pri:0, instance:com.crm.autodesk.AssignmentTestCase.TestCase12@32709393]" name="invoice_1" duration-ms="44807" started-at="2021-02-04T07:29:28Z" finished-at="2021-02-04T07:30:13Z">
          <reporter-output>
          </reporter-output>
        </test-method> <!-- invoice_1 -->
        <test-method status="PASS" signature="configAM()[pri:0, instance:com.crm.autodesk.AssignmentTestCase.TestCase12@32709393]" name="configAM" is-config="true" duration-ms="1632" started-at="2021-02-04T07:30:13Z" finished-at="2021-02-04T07:30:15Z">
          <reporter-output>
          </reporter-output>
        </test-method> <!-- configAM -->
        <test-method status="PASS" signature="configAC()[pri:0, instance:com.crm.autodesk.AssignmentTestCase.TestCase12@32709393]" name="configAC" is-config="true" duration-ms="730" started-at="2021-02-04T07:30:15Z" finished-at="2021-02-04T07:30:16Z">
          <reporter-output>
          </reporter-output>
        </test-method> <!-- configAC -->
        <test-method status="PASS" signature="configAT()[pri:0, instance:com.crm.autodesk.AssignmentTestCase.TestCase12@32709393]" name="configAT" is-config="true" duration-ms="0" started-at="2021-02-04T07:30:16Z" finished-at="2021-02-04T07:30:16Z">
          <reporter-output>
          </reporter-output>
        </test-method> <!-- configAT -->
        <test-method status="PASS" signature="configAS()[pri:0, instance:com.crm.autodesk.AssignmentTestCase.TestCase12@32709393]" name="configAS" is-config="true" duration-ms="1" started-at="2021-02-04T07:30:16Z" finished-at="2021-02-04T07:30:16Z">
          <reporter-output>
          </reporter-output>
        </test-method> <!-- configAS -->
      </class> <!-- com.crm.autodesk.AssignmentTestCase.TestCase12 -->
    </test> <!-- Default test -->
  </suite> <!-- Default suite -->
</testng-results>
